c:\users\maximilian meier\onedrive - duale hochschule baden-württemberg stuttgart\dokumente\4.semester\swe\lwipv2\lwip\contrib\ports\win32\msvc\debug\lwip\lwip.pdb
c:\users\maximilian meier\onedrive - duale hochschule baden-württemberg stuttgart\dokumente\4.semester\swe\lwipv2\lwip\contrib\ports\win32\msvc\debug\lwip\lwip.idb
c:\users\maximilian meier\onedrive - duale hochschule baden-württemberg stuttgart\dokumente\4.semester\swe\lwipv2\lwip\contrib\ports\win32\msvc\debug\lwip\tftp_server.obj
c:\users\maximilian meier\onedrive - duale hochschule baden-württemberg stuttgart\dokumente\4.semester\swe\lwipv2\lwip\contrib\ports\win32\msvc\debug\lwip\sntp.obj
c:\users\maximilian meier\onedrive - duale hochschule baden-württemberg stuttgart\dokumente\4.semester\swe\lwipv2\lwip\contrib\ports\win32\msvc\debug\lwip\snmp_snmpv2_usm.obj
c:\users\maximilian meier\onedrive - duale hochschule baden-württemberg stuttgart\dokumente\4.semester\swe\lwipv2\lwip\contrib\ports\win32\msvc\debug\lwip\snmp_snmpv2_framework.obj
c:\users\maximilian meier\onedrive - duale hochschule baden-württemberg stuttgart\dokumente\4.semester\swe\lwipv2\lwip\contrib\ports\win32\msvc\debug\lwip\smtp.obj
c:\users\maximilian meier\onedrive - duale hochschule baden-württemberg stuttgart\dokumente\4.semester\swe\lwipv2\lwip\contrib\ports\win32\msvc\debug\lwip\netbiosns.obj
c:\users\maximilian meier\onedrive - duale hochschule baden-württemberg stuttgart\dokumente\4.semester\swe\lwipv2\lwip\contrib\ports\win32\msvc\debug\lwip\mqtt.obj
c:\users\maximilian meier\onedrive - duale hochschule baden-württemberg stuttgart\dokumente\4.semester\swe\lwipv2\lwip\contrib\ports\win32\msvc\debug\lwip\lwiperf.obj
c:\users\maximilian meier\onedrive - duale hochschule baden-württemberg stuttgart\dokumente\4.semester\swe\lwipv2\lwip\contrib\ports\win32\msvc\debug\lwip\http_client.obj
c:\users\maximilian meier\onedrive - duale hochschule baden-württemberg stuttgart\dokumente\4.semester\swe\lwipv2\lwip\contrib\ports\win32\msvc\debug\lwip\altcp_proxyconnect.obj
c:\users\maximilian meier\onedrive - duale hochschule baden-württemberg stuttgart\dokumente\4.semester\swe\lwipv2\lwip\contrib\ports\win32\msvc\debug\lwip\base64.obj
c:\users\maximilian meier\onedrive - duale hochschule baden-württemberg stuttgart\dokumente\4.semester\swe\lwipv2\lwip\contrib\ports\win32\msvc\debug\lwip\tcpip.obj
c:\users\maximilian meier\onedrive - duale hochschule baden-württemberg stuttgart\dokumente\4.semester\swe\lwipv2\lwip\contrib\ports\win32\msvc\debug\lwip\sockets.obj
c:\users\maximilian meier\onedrive - duale hochschule baden-württemberg stuttgart\dokumente\4.semester\swe\lwipv2\lwip\contrib\ports\win32\msvc\debug\lwip\netifapi.obj
c:\users\maximilian meier\onedrive - duale hochschule baden-württemberg stuttgart\dokumente\4.semester\swe\lwipv2\lwip\contrib\ports\win32\msvc\debug\lwip\netdb.obj
c:\users\maximilian meier\onedrive - duale hochschule baden-württemberg stuttgart\dokumente\4.semester\swe\lwipv2\lwip\contrib\ports\win32\msvc\debug\lwip\netbuf.obj
c:\users\maximilian meier\onedrive - duale hochschule baden-württemberg stuttgart\dokumente\4.semester\swe\lwipv2\lwip\contrib\ports\win32\msvc\debug\lwip\if_api.obj
c:\users\maximilian meier\onedrive - duale hochschule baden-württemberg stuttgart\dokumente\4.semester\swe\lwipv2\lwip\contrib\ports\win32\msvc\debug\lwip\err.obj
c:\users\maximilian meier\onedrive - duale hochschule baden-württemberg stuttgart\dokumente\4.semester\swe\lwipv2\lwip\contrib\ports\win32\msvc\debug\lwip\api_msg.obj
c:\users\maximilian meier\onedrive - duale hochschule baden-württemberg stuttgart\dokumente\4.semester\swe\lwipv2\lwip\contrib\ports\win32\msvc\debug\lwip\api_lib.obj
c:\users\maximilian meier\onedrive - duale hochschule baden-württemberg stuttgart\dokumente\4.semester\swe\lwipv2\lwip\contrib\ports\win32\msvc\debug\lwip\dhcp.obj
c:\users\maximilian meier\onedrive - duale hochschule baden-württemberg stuttgart\dokumente\4.semester\swe\lwipv2\lwip\contrib\ports\win32\msvc\debug\lwip\autoip.obj
c:\users\maximilian meier\onedrive - duale hochschule baden-württemberg stuttgart\dokumente\4.semester\swe\lwipv2\lwip\contrib\ports\win32\msvc\debug\lwip\udp.obj
c:\users\maximilian meier\onedrive - duale hochschule baden-württemberg stuttgart\dokumente\4.semester\swe\lwipv2\lwip\contrib\ports\win32\msvc\debug\lwip\tcp_out.obj
c:\users\maximilian meier\onedrive - duale hochschule baden-württemberg stuttgart\dokumente\4.semester\swe\lwipv2\lwip\contrib\ports\win32\msvc\debug\lwip\tcp_in.obj
c:\users\maximilian meier\onedrive - duale hochschule baden-württemberg stuttgart\dokumente\4.semester\swe\lwipv2\lwip\contrib\ports\win32\msvc\debug\lwip\tcp.obj
c:\users\maximilian meier\onedrive - duale hochschule baden-württemberg stuttgart\dokumente\4.semester\swe\lwipv2\lwip\contrib\ports\win32\msvc\debug\lwip\sys.obj
c:\users\maximilian meier\onedrive - duale hochschule baden-württemberg stuttgart\dokumente\4.semester\swe\lwipv2\lwip\contrib\ports\win32\msvc\debug\lwip\stats.obj
c:\users\maximilian meier\onedrive - duale hochschule baden-württemberg stuttgart\dokumente\4.semester\swe\lwipv2\lwip\contrib\ports\win32\msvc\debug\lwip\raw.obj
c:\users\maximilian meier\onedrive - duale hochschule baden-württemberg stuttgart\dokumente\4.semester\swe\lwipv2\lwip\contrib\ports\win32\msvc\debug\lwip\pbuf.obj
c:\users\maximilian meier\onedrive - duale hochschule baden-württemberg stuttgart\dokumente\4.semester\swe\lwipv2\lwip\contrib\ports\win32\msvc\debug\lwip\netif.obj
c:\users\maximilian meier\onedrive - duale hochschule baden-württemberg stuttgart\dokumente\4.semester\swe\lwipv2\lwip\contrib\ports\win32\msvc\debug\lwip\memp.obj
c:\users\maximilian meier\onedrive - duale hochschule baden-württemberg stuttgart\dokumente\4.semester\swe\lwipv2\lwip\contrib\ports\win32\msvc\debug\lwip\mem.obj
c:\users\maximilian meier\onedrive - duale hochschule baden-württemberg stuttgart\dokumente\4.semester\swe\lwipv2\lwip\contrib\ports\win32\msvc\debug\lwip\init.obj
c:\users\maximilian meier\onedrive - duale hochschule baden-württemberg stuttgart\dokumente\4.semester\swe\lwipv2\lwip\contrib\ports\win32\msvc\debug\lwip\inet_chksum.obj
c:\users\maximilian meier\onedrive - duale hochschule baden-württemberg stuttgart\dokumente\4.semester\swe\lwipv2\lwip\contrib\ports\win32\msvc\debug\lwip\dns.obj
c:\users\maximilian meier\onedrive - duale hochschule baden-württemberg stuttgart\dokumente\4.semester\swe\lwipv2\lwip\contrib\ports\win32\msvc\debug\lwip\def.obj
c:\users\maximilian meier\onedrive - duale hochschule baden-württemberg stuttgart\dokumente\4.semester\swe\lwipv2\lwip\contrib\ports\win32\msvc\debug\lwip\altcp_tcp.obj
c:\users\maximilian meier\onedrive - duale hochschule baden-württemberg stuttgart\dokumente\4.semester\swe\lwipv2\lwip\contrib\ports\win32\msvc\debug\lwip\altcp_alloc.obj
c:\users\maximilian meier\onedrive - duale hochschule baden-württemberg stuttgart\dokumente\4.semester\swe\lwipv2\lwip\contrib\ports\win32\msvc\debug\lwip\altcp.obj
c:\users\maximilian meier\onedrive - duale hochschule baden-württemberg stuttgart\dokumente\4.semester\swe\lwipv2\lwip\contrib\ports\win32\msvc\debug\lwip\lowpan6_common.obj
c:\users\maximilian meier\onedrive - duale hochschule baden-württemberg stuttgart\dokumente\4.semester\swe\lwipv2\lwip\contrib\ports\win32\msvc\debug\lwip\lowpan6_ble.obj
c:\users\maximilian meier\onedrive - duale hochschule baden-württemberg stuttgart\dokumente\4.semester\swe\lwipv2\lwip\contrib\ports\win32\msvc\debug\lwip\lowpan6.obj
c:\users\maximilian meier\onedrive - duale hochschule baden-württemberg stuttgart\dokumente\4.semester\swe\lwipv2\lwip\contrib\ports\win32\msvc\debug\lwip\ethernet.obj
c:\users\maximilian meier\onedrive - duale hochschule baden-württemberg stuttgart\dokumente\4.semester\swe\lwipv2\lwip\contrib\ports\win32\msvc\debug\lwip\bridgeif_fdb.obj
c:\users\maximilian meier\onedrive - duale hochschule baden-württemberg stuttgart\dokumente\4.semester\swe\lwipv2\lwip\contrib\ports\win32\msvc\debug\lwip\bridgeif.obj
c:\users\maximilian meier\onedrive - duale hochschule baden-württemberg stuttgart\dokumente\4.semester\swe\lwipv2\lwip\contrib\ports\win32\msvc\debug\lwip\nd6.obj
c:\users\maximilian meier\onedrive - duale hochschule baden-württemberg stuttgart\dokumente\4.semester\swe\lwipv2\lwip\contrib\ports\win32\msvc\debug\lwip\mld6.obj
c:\users\maximilian meier\onedrive - duale hochschule baden-württemberg stuttgart\dokumente\4.semester\swe\lwipv2\lwip\contrib\ports\win32\msvc\debug\lwip\ip6_frag.obj
c:\users\maximilian meier\onedrive - duale hochschule baden-württemberg stuttgart\dokumente\4.semester\swe\lwipv2\lwip\contrib\ports\win32\msvc\debug\lwip\ip6_addr.obj
c:\users\maximilian meier\onedrive - duale hochschule baden-württemberg stuttgart\dokumente\4.semester\swe\lwipv2\lwip\contrib\ports\win32\msvc\debug\lwip\ip6.obj
c:\users\maximilian meier\onedrive - duale hochschule baden-württemberg stuttgart\dokumente\4.semester\swe\lwipv2\lwip\contrib\ports\win32\msvc\debug\lwip\inet6.obj
c:\users\maximilian meier\onedrive - duale hochschule baden-württemberg stuttgart\dokumente\4.semester\swe\lwipv2\lwip\contrib\ports\win32\msvc\debug\lwip\icmp6.obj
c:\users\maximilian meier\onedrive - duale hochschule baden-württemberg stuttgart\dokumente\4.semester\swe\lwipv2\lwip\contrib\ports\win32\msvc\debug\lwip\ethip6.obj
c:\users\maximilian meier\onedrive - duale hochschule baden-württemberg stuttgart\dokumente\4.semester\swe\lwipv2\lwip\contrib\ports\win32\msvc\debug\lwip\dhcp6.obj
c:\users\maximilian meier\onedrive - duale hochschule baden-württemberg stuttgart\dokumente\4.semester\swe\lwipv2\lwip\contrib\ports\win32\msvc\debug\lwip\ip4_addr.obj
c:\users\maximilian meier\onedrive - duale hochschule baden-württemberg stuttgart\dokumente\4.semester\swe\lwipv2\lwip\contrib\ports\win32\msvc\debug\lwip\ip4.obj
c:\users\maximilian meier\onedrive - duale hochschule baden-württemberg stuttgart\dokumente\4.semester\swe\lwipv2\lwip\contrib\ports\win32\msvc\debug\lwip\igmp.obj
c:\users\maximilian meier\onedrive - duale hochschule baden-württemberg stuttgart\dokumente\4.semester\swe\lwipv2\lwip\contrib\ports\win32\msvc\debug\lwip\icmp.obj
c:\users\maximilian meier\onedrive - duale hochschule baden-württemberg stuttgart\dokumente\4.semester\swe\lwipv2\lwip\contrib\ports\win32\msvc\debug\lwip\etharp.obj
c:\users\maximilian meier\onedrive - duale hochschule baden-württemberg stuttgart\dokumente\4.semester\swe\lwipv2\lwip\contrib\ports\win32\msvc\debug\lwip\pppoe.obj
c:\users\maximilian meier\onedrive - duale hochschule baden-württemberg stuttgart\dokumente\4.semester\swe\lwipv2\lwip\contrib\ports\win32\msvc\debug\lwip\pppcrypt.obj
c:\users\maximilian meier\onedrive - duale hochschule baden-württemberg stuttgart\dokumente\4.semester\swe\lwipv2\lwip\contrib\ports\win32\msvc\debug\lwip\ppp.obj
c:\users\maximilian meier\onedrive - duale hochschule baden-württemberg stuttgart\dokumente\4.semester\swe\lwipv2\lwip\contrib\ports\win32\msvc\debug\lwip\multilink.obj
c:\users\maximilian meier\onedrive - duale hochschule baden-württemberg stuttgart\dokumente\4.semester\swe\lwipv2\lwip\contrib\ports\win32\msvc\debug\lwip\mppe.obj
c:\users\maximilian meier\onedrive - duale hochschule baden-württemberg stuttgart\dokumente\4.semester\swe\lwipv2\lwip\contrib\ports\win32\msvc\debug\lwip\magic.obj
c:\users\maximilian meier\onedrive - duale hochschule baden-württemberg stuttgart\dokumente\4.semester\swe\lwipv2\lwip\contrib\ports\win32\msvc\debug\lwip\lcp.obj
c:\users\maximilian meier\onedrive - duale hochschule baden-württemberg stuttgart\dokumente\4.semester\swe\lwipv2\lwip\contrib\ports\win32\msvc\debug\lwip\ipv6cp.obj
c:\users\maximilian meier\onedrive - duale hochschule baden-württemberg stuttgart\dokumente\4.semester\swe\lwipv2\lwip\contrib\ports\win32\msvc\debug\lwip\ipcp.obj
c:\users\maximilian meier\onedrive - duale hochschule baden-württemberg stuttgart\dokumente\4.semester\swe\lwipv2\lwip\contrib\ports\win32\msvc\debug\lwip\fsm.obj
c:\users\maximilian meier\onedrive - duale hochschule baden-württemberg stuttgart\dokumente\4.semester\swe\lwipv2\lwip\contrib\ports\win32\msvc\debug\lwip\eui64.obj
c:\users\maximilian meier\onedrive - duale hochschule baden-württemberg stuttgart\dokumente\4.semester\swe\lwipv2\lwip\contrib\ports\win32\msvc\debug\lwip\ecp.obj
c:\users\maximilian meier\onedrive - duale hochschule baden-württemberg stuttgart\dokumente\4.semester\swe\lwipv2\lwip\contrib\ports\win32\msvc\debug\lwip\eap.obj
c:\users\maximilian meier\onedrive - duale hochschule baden-württemberg stuttgart\dokumente\4.semester\swe\lwipv2\lwip\contrib\ports\win32\msvc\debug\lwip\demand.obj
c:\users\maximilian meier\onedrive - duale hochschule baden-württemberg stuttgart\dokumente\4.semester\swe\lwipv2\lwip\contrib\ports\win32\msvc\debug\lwip\chap_ms.obj
c:\users\maximilian meier\onedrive - duale hochschule baden-württemberg stuttgart\dokumente\4.semester\swe\lwipv2\lwip\contrib\ports\win32\msvc\debug\lwip\chap-new.obj
c:\users\maximilian meier\onedrive - duale hochschule baden-württemberg stuttgart\dokumente\4.semester\swe\lwipv2\lwip\contrib\ports\win32\msvc\debug\lwip\chap-md5.obj
c:\users\maximilian meier\onedrive - duale hochschule baden-württemberg stuttgart\dokumente\4.semester\swe\lwipv2\lwip\contrib\ports\win32\msvc\debug\lwip\ccp.obj
c:\users\maximilian meier\onedrive - duale hochschule baden-württemberg stuttgart\dokumente\4.semester\swe\lwipv2\lwip\contrib\ports\win32\msvc\debug\lwip\auth.obj
c:\users\maximilian meier\onedrive - duale hochschule baden-württemberg stuttgart\dokumente\4.semester\swe\lwipv2\lwip\contrib\ports\win32\msvc\debug\lwip\slipif.obj
c:\users\maximilian meier\onedrive - duale hochschule baden-württemberg stuttgart\dokumente\4.semester\swe\lwipv2\lwip\contrib\ports\win32\msvc\debug\lwip\snmp_scalar.obj
c:\users\maximilian meier\onedrive - duale hochschule baden-württemberg stuttgart\dokumente\4.semester\swe\lwipv2\lwip\contrib\ports\win32\msvc\debug\lwip\snmp_raw.obj
c:\users\maximilian meier\onedrive - duale hochschule baden-württemberg stuttgart\dokumente\4.semester\swe\lwipv2\lwip\contrib\ports\win32\msvc\debug\lwip\snmp_pbuf_stream.obj
c:\users\maximilian meier\onedrive - duale hochschule baden-württemberg stuttgart\dokumente\4.semester\swe\lwipv2\lwip\contrib\ports\win32\msvc\debug\lwip\snmp_netconn.obj
c:\users\maximilian meier\onedrive - duale hochschule baden-württemberg stuttgart\dokumente\4.semester\swe\lwipv2\lwip\contrib\ports\win32\msvc\debug\lwip\snmp_msg.obj
c:\users\maximilian meier\onedrive - duale hochschule baden-württemberg stuttgart\dokumente\4.semester\swe\lwipv2\lwip\contrib\ports\win32\msvc\debug\lwip\snmp_mib2.obj
c:\users\maximilian meier\onedrive - duale hochschule baden-württemberg stuttgart\dokumente\4.semester\swe\lwipv2\lwip\contrib\ports\win32\msvc\debug\lwip\snmp_core.obj
c:\users\maximilian meier\onedrive - duale hochschule baden-württemberg stuttgart\dokumente\4.semester\swe\lwipv2\lwip\contrib\ports\win32\msvc\debug\lwip\snmp_asn1.obj
c:\users\maximilian meier\onedrive - duale hochschule baden-württemberg stuttgart\dokumente\4.semester\swe\lwipv2\lwip\contrib\ports\win32\msvc\debug\lwip\fs.obj
c:\users\maximilian meier\onedrive - duale hochschule baden-württemberg stuttgart\dokumente\4.semester\swe\lwipv2\lwip\contrib\ports\win32\msvc\debug\lwip\sha1.obj
c:\users\maximilian meier\onedrive - duale hochschule baden-württemberg stuttgart\dokumente\4.semester\swe\lwipv2\lwip\contrib\ports\win32\msvc\debug\lwip\md5.obj
c:\users\maximilian meier\onedrive - duale hochschule baden-württemberg stuttgart\dokumente\4.semester\swe\lwipv2\lwip\contrib\ports\win32\msvc\debug\lwip\md4.obj
c:\users\maximilian meier\onedrive - duale hochschule baden-württemberg stuttgart\dokumente\4.semester\swe\lwipv2\lwip\contrib\ports\win32\msvc\debug\lwip\des.obj
c:\users\maximilian meier\onedrive - duale hochschule baden-württemberg stuttgart\dokumente\4.semester\swe\lwipv2\lwip\contrib\ports\win32\msvc\debug\lwip\arc4.obj
c:\users\maximilian meier\onedrive - duale hochschule baden-württemberg stuttgart\dokumente\4.semester\swe\lwipv2\lwip\contrib\ports\win32\msvc\debug\lwip\vj.obj
c:\users\maximilian meier\onedrive - duale hochschule baden-württemberg stuttgart\dokumente\4.semester\swe\lwipv2\lwip\contrib\ports\win32\msvc\debug\lwip\utils.obj
c:\users\maximilian meier\onedrive - duale hochschule baden-württemberg stuttgart\dokumente\4.semester\swe\lwipv2\lwip\contrib\ports\win32\msvc\debug\lwip\upap.obj
c:\users\maximilian meier\onedrive - duale hochschule baden-württemberg stuttgart\dokumente\4.semester\swe\lwipv2\lwip\contrib\ports\win32\msvc\debug\lwip\pppos.obj
c:\users\maximilian meier\onedrive - duale hochschule baden-württemberg stuttgart\dokumente\4.semester\swe\lwipv2\lwip\contrib\ports\win32\msvc\debug\lwip\pppol2tp.obj
c:\users\maximilian meier\onedrive - duale hochschule baden-württemberg stuttgart\dokumente\4.semester\swe\lwipv2\lwip\contrib\ports\win32\msvc\debug\lwip\sys_arch.obj
c:\users\maximilian meier\onedrive - duale hochschule baden-württemberg stuttgart\dokumente\4.semester\swe\lwipv2\lwip\contrib\ports\win32\msvc\debug\lwip\sio.obj
c:\users\maximilian meier\onedrive - duale hochschule baden-württemberg stuttgart\dokumente\4.semester\swe\lwipv2\lwip\contrib\ports\win32\msvc\debug\lwip\zepif.obj
c:\users\maximilian meier\onedrive - duale hochschule baden-württemberg stuttgart\dokumente\4.semester\swe\lwipv2\lwip\contrib\ports\win32\msvc\debug\lwip\mdns.obj
c:\users\maximilian meier\onedrive - duale hochschule baden-württemberg stuttgart\dokumente\4.semester\swe\lwipv2\lwip\contrib\ports\win32\msvc\debug\lwip\timeouts.obj
c:\users\maximilian meier\onedrive - duale hochschule baden-württemberg stuttgart\dokumente\4.semester\swe\lwipv2\lwip\contrib\ports\win32\msvc\debug\lwip\ip4_frag.obj
c:\users\maximilian meier\onedrive - duale hochschule baden-württemberg stuttgart\dokumente\4.semester\swe\lwipv2\lwip\contrib\ports\win32\msvc\debug\lwip\pppapi.obj
c:\users\maximilian meier\onedrive - duale hochschule baden-württemberg stuttgart\dokumente\4.semester\swe\lwipv2\lwip\contrib\ports\win32\msvc\debug\lwip\snmp_mib2_udp.obj
c:\users\maximilian meier\onedrive - duale hochschule baden-württemberg stuttgart\dokumente\4.semester\swe\lwipv2\lwip\contrib\ports\win32\msvc\debug\lwip\snmp_mib2_tcp.obj
c:\users\maximilian meier\onedrive - duale hochschule baden-württemberg stuttgart\dokumente\4.semester\swe\lwipv2\lwip\contrib\ports\win32\msvc\debug\lwip\snmp_mib2_system.obj
c:\users\maximilian meier\onedrive - duale hochschule baden-württemberg stuttgart\dokumente\4.semester\swe\lwipv2\lwip\contrib\ports\win32\msvc\debug\lwip\snmp_mib2_snmp.obj
c:\users\maximilian meier\onedrive - duale hochschule baden-württemberg stuttgart\dokumente\4.semester\swe\lwipv2\lwip\contrib\ports\win32\msvc\debug\lwip\snmp_mib2_ip.obj
c:\users\maximilian meier\onedrive - duale hochschule baden-württemberg stuttgart\dokumente\4.semester\swe\lwipv2\lwip\contrib\ports\win32\msvc\debug\lwip\snmp_mib2_interfaces.obj
c:\users\maximilian meier\onedrive - duale hochschule baden-württemberg stuttgart\dokumente\4.semester\swe\lwipv2\lwip\contrib\ports\win32\msvc\debug\lwip\snmp_mib2_icmp.obj
c:\users\maximilian meier\onedrive - duale hochschule baden-württemberg stuttgart\dokumente\4.semester\swe\lwipv2\lwip\contrib\ports\win32\msvc\debug\lwip\snmpv3.obj
c:\users\maximilian meier\onedrive - duale hochschule baden-württemberg stuttgart\dokumente\4.semester\swe\lwipv2\lwip\contrib\ports\win32\msvc\debug\lwip\ip.obj
c:\users\maximilian meier\onedrive - duale hochschule baden-württemberg stuttgart\dokumente\4.semester\swe\lwipv2\lwip\contrib\ports\win32\msvc\debug\lwip\snmp_traps.obj
c:\users\maximilian meier\onedrive - duale hochschule baden-württemberg stuttgart\dokumente\4.semester\swe\lwipv2\lwip\contrib\ports\win32\msvc\debug\lwip\snmp_threadsync.obj
c:\users\maximilian meier\onedrive - duale hochschule baden-württemberg stuttgart\dokumente\4.semester\swe\lwipv2\lwip\contrib\ports\win32\msvc\debug\lwip\snmp_table.obj
c:\users\maximilian meier\onedrive - duale hochschule baden-württemberg stuttgart\dokumente\4.semester\swe\lwipv2\lwip\contrib\ports\win32\msvc\debug\lwip\lwip-desktop-gau2rms.pdb
c:\users\maximilian meier\onedrive - duale hochschule baden-württemberg stuttgart\dokumente\4.semester\swe\lwipv2\lwip\contrib\ports\win32\msvc\debug\lwip\lwip.tlog\cl.command.1.tlog
c:\users\maximilian meier\onedrive - duale hochschule baden-württemberg stuttgart\dokumente\4.semester\swe\lwipv2\lwip\contrib\ports\win32\msvc\debug\lwip\lwip.tlog\cl.read.1.tlog
c:\users\maximilian meier\onedrive - duale hochschule baden-württemberg stuttgart\dokumente\4.semester\swe\lwipv2\lwip\contrib\ports\win32\msvc\debug\lwip\lwip.tlog\cl.write.1.tlog
