C:\Program Files\Microsoft Visual Studio\2022\Community\MSBuild\Microsoft\VC\v170\Microsoft.CppBuild.targets(514,5): warning MSB8028: The intermediate directory (Debug\) contains files shared from another project (lwIP_Test.vcxproj, makefsdata.vcxproj).  This can lead to incorrect clean and rebuild behavior.
  pcapif.c
C:\Program Files (x86)\Windows Kits\10\Include\10.0.19041.0\um\winioctl.h(10326,22): warning C4668: '_WIN32_WINNT_WIN10_TH2' is not defined as a preprocessor macro, replacing with '0' for '#if/#elif'
C:\Program Files (x86)\Windows Kits\10\Include\10.0.19041.0\um\winioctl.h(10332,22): warning C4668: '_WIN32_WINNT_WIN10_RS1' is not defined as a preprocessor macro, replacing with '0' for '#if/#elif'
C:\Program Files (x86)\Windows Kits\10\Include\10.0.19041.0\um\winioctl.h(10337,22): warning C4668: '_WIN32_WINNT_WIN10_TH2' is not defined as a preprocessor macro, replacing with '0' for '#if/#elif'
C:\Program Files (x86)\Windows Kits\10\Include\10.0.19041.0\um\winioctl.h(10341,22): warning C4668: '_WIN32_WINNT_WIN10_TH2' is not defined as a preprocessor macro, replacing with '0' for '#if/#elif'
C:\Program Files (x86)\Windows Kits\10\Include\10.0.19041.0\um\winioctl.h(10348,22): warning C4668: '_WIN32_WINNT_WIN10_RS2' is not defined as a preprocessor macro, replacing with '0' for '#if/#elif'
C:\Program Files (x86)\Windows Kits\10\Include\10.0.19041.0\um\winioctl.h(10358,22): warning C4668: '_WIN32_WINNT_WIN10_RS2' is not defined as a preprocessor macro, replacing with '0' for '#if/#elif'
C:\Program Files (x86)\Windows Kits\10\Include\10.0.19041.0\um\winioctl.h(10362,22): warning C4668: '_WIN32_WINNT_WIN10_TH2' is not defined as a preprocessor macro, replacing with '0' for '#if/#elif'
C:\Program Files (x86)\Windows Kits\10\Include\10.0.19041.0\um\winioctl.h(10367,22): warning C4668: '_WIN32_WINNT_WIN10_RS3' is not defined as a preprocessor macro, replacing with '0' for '#if/#elif'
C:\Program Files (x86)\Windows Kits\10\Include\10.0.19041.0\um\winioctl.h(10374,22): warning C4668: '_WIN32_WINNT_WIN10_RS4' is not defined as a preprocessor macro, replacing with '0' for '#if/#elif'
C:\Program Files (x86)\Windows Kits\10\Include\10.0.19041.0\um\winioctl.h(10377,22): warning C4668: '_WIN32_WINNT_WIN10_RS1' is not defined as a preprocessor macro, replacing with '0' for '#if/#elif'
C:\Program Files (x86)\Windows Kits\10\Include\10.0.19041.0\um\winioctl.h(10380,22): warning C4668: '_WIN32_WINNT_WIN10_RS4' is not defined as a preprocessor macro, replacing with '0' for '#if/#elif'
C:\Program Files (x86)\Windows Kits\10\Include\10.0.19041.0\um\winioctl.h(10385,22): warning C4668: '_WIN32_WINNT_WIN10_RS1' is not defined as a preprocessor macro, replacing with '0' for '#if/#elif'
C:\Program Files (x86)\Windows Kits\10\Include\10.0.19041.0\um\winioctl.h(10388,22): warning C4668: '_WIN32_WINNT_WIN10_RS5' is not defined as a preprocessor macro, replacing with '0' for '#if/#elif'
C:\Program Files (x86)\Windows Kits\10\Include\10.0.19041.0\um\winioctl.h(10588,22): warning C4668: '_WIN32_WINNT_WIN10_RS2' is not defined as a preprocessor macro, replacing with '0' for '#if/#elif'
C:\Program Files (x86)\Windows Kits\10\Include\10.0.19041.0\um\winioctl.h(10612,22): warning C4668: '_WIN32_WINNT_WIN10_RS5' is not defined as a preprocessor macro, replacing with '0' for '#if/#elif'
C:\Program Files (x86)\Windows Kits\10\Include\10.0.19041.0\um\winioctl.h(14093,22): warning C4668: '_WIN32_WINNT_WIN10_RS5' is not defined as a preprocessor macro, replacing with '0' for '#if/#elif'
C:\Program Files (x86)\Windows Kits\10\Include\10.0.19041.0\um\winioctl.h(14296,22): warning C4668: '_WIN32_WINNT_WIN10_RS5' is not defined as a preprocessor macro, replacing with '0' for '#if/#elif'
C:\Program Files (x86)\Windows Kits\10\Include\10.0.19041.0\um\winioctl.h(14399,22): warning C4668: '_WIN32_WINNT_WIN10_RS5' is not defined as a preprocessor macro, replacing with '0' for '#if/#elif'
C:\Program Files (x86)\Windows Kits\10\Include\10.0.19041.0\um\winioctl.h(14495,21): warning C4668: '_WIN32_WINNT_WIN10_RS5' is not defined as a preprocessor macro, replacing with '0' for '#if/#elif'
C:\Program Files (x86)\Windows Kits\10\Include\10.0.19041.0\um\winioctl.h(14599,22): warning C4668: '_WIN32_WINNT_WIN10_RS5' is not defined as a preprocessor macro, replacing with '0' for '#if/#elif'
C:\Program Files (x86)\Windows Kits\10\Include\10.0.19041.0\um\winioctl.h(15350,23): warning C4668: '_WIN32_WINNT_WIN10_RS2' is not defined as a preprocessor macro, replacing with '0' for '#if/#elif'
C:\Program Files (x86)\Windows Kits\10\Include\10.0.19041.0\um\winioctl.h(15406,22): warning C4668: '_WIN32_WINNT_WIN10_RS2' is not defined as a preprocessor macro, replacing with '0' for '#if/#elif'
C:\Program Files (x86)\Windows Kits\10\Include\10.0.19041.0\um\winioctl.h(15525,22): warning C4668: '_WIN32_WINNT_WIN10_RS3' is not defined as a preprocessor macro, replacing with '0' for '#if/#elif'
C:\Program Files (x86)\Windows Kits\10\Include\10.0.19041.0\um\winioctl.h(15675,22): warning C4668: '_WIN32_WINNT_WIN10_RS4' is not defined as a preprocessor macro, replacing with '0' for '#if/#elif'
C:\Program Files (x86)\Windows Kits\10\Include\10.0.19041.0\um\winioctl.h(15688,22): warning C4668: '_WIN32_WINNT_WIN10_RS4' is not defined as a preprocessor macro, replacing with '0' for '#if/#elif'
C:\Program Files (x86)\Windows Kits\10\Include\10.0.19041.0\um\winioctl.h(15916,22): warning C4668: '_WIN32_WINNT_WIN10_RS1' is not defined as a preprocessor macro, replacing with '0' for '#if/#elif'
C:\Program Files (x86)\Windows Kits\10\Include\10.0.19041.0\um\winsock2.h(253,22): warning C4820: 'netent': '2' bytes padding added after data member 'n_addrtype'
C:\Program Files (x86)\Windows Kits\10\Include\10.0.19041.0\um\winsock2.h(264,30): warning C4820: 'servent': '2' bytes padding added after data member 's_port'
C:\Program Files (x86)\Windows Kits\10\Include\10.0.19041.0\um\winsock2.h(272,1): warning C4820: 'protoent': '2' bytes padding added after data member 'p_proto'
C:\Program Files (x86)\Windows Kits\10\Include\10.0.19041.0\um\winsock2.h(378,45): warning C4820: 'WSAData': '2' bytes padding added after data member 'iMaxUdpDg'
C:\Users\Maximilian Meier\OneDrive - Duale Hochschule Baden-Württemberg Stuttgart\Dokumente\4.Semester\SWE\lwipv2\lwip\contrib\ports\win32\pcapif.c(511,7): warning C4777: 'printf' : format string '%d' requires an argument of type 'int', but variadic argument 2 has type 'long'
C:\Users\Maximilian Meier\OneDrive - Duale Hochschule Baden-Württemberg Stuttgart\Dokumente\4.Semester\SWE\lwipv2\lwip\contrib\ports\win32\pcapif.c(511,7): message : consider using '%ld' in the format string
C:\Users\Maximilian Meier\OneDrive - Duale Hochschule Baden-Württemberg Stuttgart\Dokumente\4.Semester\SWE\lwipv2\lwip\contrib\ports\win32\pcapif.c(601,3): warning C4777: 'printf' : format string '%d' requires an argument of type 'int', but variadic argument 2 has type 'long'
C:\Users\Maximilian Meier\OneDrive - Duale Hochschule Baden-Württemberg Stuttgart\Dokumente\4.Semester\SWE\lwipv2\lwip\contrib\ports\win32\pcapif.c(601,3): message : consider using '%ld' in the format string
C:\Users\Maximilian Meier\OneDrive - Duale Hochschule Baden-Württemberg Stuttgart\Dokumente\4.Semester\SWE\lwipv2\lwip\contrib\ports\win32\pcapif.c(722,7): warning C4777: 'printf' : format string '%d' requires an argument of type 'int', but variadic argument 2 has type 'long'
C:\Users\Maximilian Meier\OneDrive - Duale Hochschule Baden-Württemberg Stuttgart\Dokumente\4.Semester\SWE\lwipv2\lwip\contrib\ports\win32\pcapif.c(722,7): message : consider using '%ld' in the format string
C:\Users\Maximilian Meier\OneDrive - Duale Hochschule Baden-Württemberg Stuttgart\Dokumente\4.Semester\SWE\lwipv2\lwip\contrib\ports\win32\pcapif.c(758,5): warning C4777: 'printf' : format string '%d' requires an argument of type 'int', but variadic argument 2 has type 'long'
C:\Users\Maximilian Meier\OneDrive - Duale Hochschule Baden-Württemberg Stuttgart\Dokumente\4.Semester\SWE\lwipv2\lwip\contrib\ports\win32\pcapif.c(758,5): message : consider using '%ld' in the format string
C:\Users\Maximilian Meier\OneDrive - Duale Hochschule Baden-Württemberg Stuttgart\Dokumente\4.Semester\SWE\lwipv2\lwip\contrib\ports\win32\pcapif.c(1034,3): warning C4777: 'printf' : format string '%d' requires an argument of type 'int', but variadic argument 2 has type 'long'
C:\Users\Maximilian Meier\OneDrive - Duale Hochschule Baden-Württemberg Stuttgart\Dokumente\4.Semester\SWE\lwipv2\lwip\contrib\ports\win32\pcapif.c(1034,3): message : consider using '%ld' in the format string
C:\Users\Maximilian Meier\OneDrive - Duale Hochschule Baden-Württemberg Stuttgart\Dokumente\4.Semester\SWE\lwipv2\lwip\contrib\ports\win32\pcapif.c(721): warning C5045: Compiler will insert Spectre mitigation for memory load if /Qspectre switch specified
C:\Users\Maximilian Meier\OneDrive - Duale Hochschule Baden-Württemberg Stuttgart\Dokumente\4.Semester\SWE\lwipv2\lwip\contrib\ports\win32\pcapif.c(720): message : index 'adapter_num' range checked by comparison on this line
C:\Users\Maximilian Meier\OneDrive - Duale Hochschule Baden-Württemberg Stuttgart\Dokumente\4.Semester\SWE\lwipv2\lwip\contrib\ports\win32\pcapif.c(721): message : feeds call on this line
C:\Users\Maximilian Meier\OneDrive - Duale Hochschule Baden-Württemberg Stuttgart\Dokumente\4.Semester\SWE\lwipv2\lwip\contrib\ports\win32\pcapif.c(843): warning C5045: Compiler will insert Spectre mitigation for memory load if /Qspectre switch specified
C:\Users\Maximilian Meier\OneDrive - Duale Hochschule Baden-Württemberg Stuttgart\Dokumente\4.Semester\SWE\lwipv2\lwip\contrib\ports\win32\pcapif.c(841): message : index '' range checked by comparison on this line
C:\Users\Maximilian Meier\OneDrive - Duale Hochschule Baden-Württemberg Stuttgart\Dokumente\4.Semester\SWE\lwipv2\lwip\contrib\ports\win32\pcapif.c(843): message : feeds call on this line
C:\Users\Maximilian Meier\OneDrive - Duale Hochschule Baden-Württemberg Stuttgart\Dokumente\4.Semester\SWE\lwipv2\lwip\contrib\ports\win32\pcapif.c(592): warning C5045: Compiler will insert Spectre mitigation for memory load if /Qspectre switch specified
C:\Users\Maximilian Meier\OneDrive - Duale Hochschule Baden-Württemberg Stuttgart\Dokumente\4.Semester\SWE\lwipv2\lwip\contrib\ports\win32\pcapif.c(590): message : index 'number_of_adapters' range checked by comparison on this line
C:\Users\Maximilian Meier\OneDrive - Duale Hochschule Baden-Württemberg Stuttgart\Dokumente\4.Semester\SWE\lwipv2\lwip\contrib\ports\win32\pcapif.c(592): message : feeds call on this line
C:\Users\Maximilian Meier\OneDrive - Duale Hochschule Baden-Württemberg Stuttgart\Dokumente\4.Semester\SWE\lwipv2\lwip\contrib\ports\win32\pcapif.c(584): warning C5045: Compiler will insert Spectre mitigation for memory load if /Qspectre switch specified
C:\Users\Maximilian Meier\OneDrive - Duale Hochschule Baden-Württemberg Stuttgart\Dokumente\4.Semester\SWE\lwipv2\lwip\contrib\ports\win32\pcapif.c(583): message : index 'adapter_num' range checked by comparison on this line
C:\Users\Maximilian Meier\OneDrive - Duale Hochschule Baden-Württemberg Stuttgart\Dokumente\4.Semester\SWE\lwipv2\lwip\contrib\ports\win32\pcapif.c(584): message : feeds call on this line
  lwIP_pcapif.vcxproj -> C:\Users\Maximilian Meier\OneDrive - Duale Hochschule Baden-Württemberg Stuttgart\Dokumente\4.Semester\SWE\lwipv2\lwip\contrib\ports\win32\msvc\Debug\lwIP pcapif.lib
